<?xml version="1.0" encoding="utf-8"?><testsuites name="pytest tests"><testsuite name="pytest" errors="0" failures="0" skipped="0" tests="18" time="3.671" timestamp="2026-04-25T10:23:12.822354+00:00" hostname="agent-env-e61a4fa4-30d2-4108-bc47-aad5225b1dbc"><testcase classname="backend.tests.backend_test.TestHealth" name="test_health_ok" time="0.313" /><testcase classname="backend.tests.backend_test.TestExperiences" name="test_list_experiences" time="0.136" /><testcase classname="backend.tests.backend_test.TestExperiences" name="test_get_experience_by_slug" time="0.161" /><testcase classname="backend.tests.backend_test.TestExperiences" name="test_get_experience_404" time="0.137" /><testcase classname="backend.tests.backend_test.TestCountdown" name="test_get_countdown" time="0.104" /><testcase classname="backend.tests.backend_test.TestTestimonials" name="test_list_testimonials" time="0.116" /><testcase classname="backend.tests.backend_test.TestApplications" name="test_create_application_valid" time="0.157" /><testcase classname="backend.tests.backend_test.TestApplications" name="test_create_application_invalid_email" time="0.152" /><testcase classname="backend.tests.backend_test.TestApplications" name="test_create_application_short_why" time="0.097" /><testcase classname="backend.tests.backend_test.TestAuth" name="test_login_valid" time="0.325" /><testcase classname="backend.tests.backend_test.TestAuth" name="test_login_invalid" time="0.334" /><testcase classname="backend.tests.backend_test.TestAuth" name="test_admin_apps_no_token" time="0.107" /><testcase classname="backend.tests.backend_test.TestAdminApplications" name="test_admin_list_applications" time="0.447" /><testcase classname="backend.tests.backend_test.TestAdminApplications" name="test_patch_application_status" time="0.237" /><testcase classname="backend.tests.backend_test.TestAdminExperiences" name="test_create_update_delete" time="0.314" /><testcase classname="backend.tests.backend_test.TestAdminCountdown" name="test_update_countdown" time="0.104" /><testcase classname="backend.tests.backend_test.TestAdminTestimonials" name="test_create_and_delete" time="0.203" /><testcase classname="backend.tests.backend_test.TestPayments" name="test_razorpay_order_unconfigured" time="0.171" /></testsuite></testsuites>